Watching for file changes with StatReloader
[01/Jul/2026 14:41:41] "GET /api/docs/ HTTP/1.1" 200 4644
/home/rasulbek/another-project/e-ombor/backend/api/views.py: Error [AnalyticsOverviewView]: unable to guess serializer. This is graceful fallback handling for APIViews. Consider using GenericAPIView as view base class, if view is under your control. Either way you may want to add a serializer_class (or method). Ignoring view for now.
/home/rasulbek/another-project/e-ombor/backend/api/views.py: Error [LogoutView]: unable to guess serializer. This is graceful fallback handling for APIViews. Consider using GenericAPIView as view base class, if view is under your control. Either way you may want to add a serializer_class (or method). Ignoring view for now.
/home/rasulbek/another-project/e-ombor/backend/api/views.py: Error [CustomTokenRefreshView]: unable to guess serializer. This is graceful fallback handling for APIViews. Consider using GenericAPIView as view base class, if view is under your control. Either way you may want to add a serializer_class (or method). Ignoring view for now.
/home/rasulbek/another-project/e-ombor/backend/api/views.py: Error [DashboardView]: unable to guess serializer. This is graceful fallback handling for APIViews. Consider using GenericAPIView as view base class, if view is under your control. Either way you may want to add a serializer_class (or method). Ignoring view for now.
/home/rasulbek/another-project/e-ombor/backend/api/serializers.py: Warning [DocumentListCreateView > DocumentSerializer]: unable to resolve type hint for function "get_allowed_actions". Consider using a type hint or @extend_schema_field. Defaulting to string.
/home/rasulbek/another-project/e-ombor/backend/api/serializers.py: Warning [DocumentListCreateView > DocumentSerializer]: unable to resolve type hint for function "get_can_archive". Consider using a type hint or @extend_schema_field. Defaulting to string.
/home/rasulbek/another-project/e-ombor/backend/api/views.py: Error [DocumentFileUploadView]: unable to guess serializer. This is graceful fallback handling for APIViews. Consider using GenericAPIView as view base class, if view is under your control. Either way you may want to add a serializer_class (or method). Ignoring view for now.
/home/rasulbek/another-project/e-ombor/backend/api/serializers.py: Warning [DocumentDetailView > DocumentSerializer]: unable to resolve type hint for function "get_allowed_actions". Consider using a type hint or @extend_schema_field. Defaulting to string.
/home/rasulbek/another-project/e-ombor/backend/api/serializers.py: Warning [DocumentDetailView > DocumentSerializer]: unable to resolve type hint for function "get_can_archive". Consider using a type hint or @extend_schema_field. Defaulting to string.
/home/rasulbek/another-project/e-ombor/backend/api/views.py: Error [DocumentArchiveToggleView]: unable to guess serializer. This is graceful fallback handling for APIViews. Consider using GenericAPIView as view base class, if view is under your control. Either way you may want to add a serializer_class (or method). Ignoring view for now.
/home/rasulbek/another-project/e-ombor/backend/api/views.py: Error [DocumentWorkflowActionView]: unable to guess serializer. This is graceful fallback handling for APIViews. Consider using GenericAPIView as view base class, if view is under your control. Either way you may want to add a serializer_class (or method). Ignoring view for now.
/home/rasulbek/another-project/e-ombor/backend/api/views.py: Error [DocumentsExportView]: unable to guess serializer. This is graceful fallback handling for APIViews. Consider using GenericAPIView as view base class, if view is under your control. Either way you may want to add a serializer_class (or method). Ignoring view for now.
/home/rasulbek/another-project/e-ombor/backend/api/serializers.py: Warning [InventoryListView > InventoryItemSerializer]: unable to resolve type hint for function "get_is_low_stock". Consider using a type hint or @extend_schema_field. Defaulting to string.
/home/rasulbek/another-project/e-ombor/backend/api/views.py: Error [InventoryUpdateView]: unable to guess serializer. This is graceful fallback handling for APIViews. Consider using GenericAPIView as view base class, if view is under your control. Either way you may want to add a serializer_class (or method). Ignoring view for now.
/home/rasulbek/another-project/e-ombor/backend/api/views.py: Error [InventoryExportView]: unable to guess serializer. This is graceful fallback handling for APIViews. Consider using GenericAPIView as view base class, if view is under your control. Either way you may want to add a serializer_class (or method). Ignoring view for now.
/home/rasulbek/another-project/e-ombor/backend/api/views.py: Error [NotificationMarkReadView]: exception raised while getting serializer. Hint: Is get_serializer_class() returning None or is get_queryset() not working without a request? Ignoring the view for now. (Exception: 'NotificationMarkReadView' should either include a `serializer_class` attribute, or override the `get_serializer_class()` method.)
/home/rasulbek/another-project/e-ombor/backend/api/views.py: Error [NotificationMarkAllReadView]: unable to guess serializer. This is graceful fallback handling for APIViews. Consider using GenericAPIView as view base class, if view is under your control. Either way you may want to add a serializer_class (or method). Ignoring view for now.
/home/rasulbek/another-project/e-ombor/backend/api/views.py: Error [PurchaseOrderListView]: exception raised while getting serializer. Hint: Is get_serializer_class() returning None or is get_queryset() not working without a request? Ignoring the view for now. (Exception: 'PurchaseOrderListView' should either include a `serializer_class` attribute, or override the `get_serializer_class()` method.)
/home/rasulbek/another-project/e-ombor/backend/api/views.py: Error [TicketsExportView]: unable to guess serializer. This is graceful fallback handling for APIViews. Consider using GenericAPIView as view base class, if view is under your control. Either way you may want to add a serializer_class (or method). Ignoring view for now.
[01/Jul/2026 14:41:41] "GET /api/schema/ HTTP/1.1" 200 204001
[01/Jul/2026 14:55:09] "GET /api/docs/ HTTP/1.1" 200 4644
/home/rasulbek/another-project/e-ombor/backend/api/views.py: Error [AnalyticsOverviewView]: unable to guess serializer. This is graceful fallback handling for APIViews. Consider using GenericAPIView as view base class, if view is under your control. Either way you may want to add a serializer_class (or method). Ignoring view for now.
/home/rasulbek/another-project/e-ombor/backend/api/views.py: Error [LogoutView]: unable to guess serializer. This is graceful fallback handling for APIViews. Consider using GenericAPIView as view base class, if view is under your control. Either way you may want to add a serializer_class (or method). Ignoring view for now.
/home/rasulbek/another-project/e-ombor/backend/api/views.py: Error [CustomTokenRefreshView]: unable to guess serializer. This is graceful fallback handling for APIViews. Consider using GenericAPIView as view base class, if view is under your control. Either way you may want to add a serializer_class (or method). Ignoring view for now.
/home/rasulbek/another-project/e-ombor/backend/api/views.py: Error [DashboardView]: unable to guess serializer. This is graceful fallback handling for APIViews. Consider using GenericAPIView as view base class, if view is under your control. Either way you may want to add a serializer_class (or method). Ignoring view for now.
/home/rasulbek/another-project/e-ombor/backend/api/serializers.py: Warning [DocumentListCreateView > DocumentSerializer]: unable to resolve type hint for function "get_allowed_actions". Consider using a type hint or @extend_schema_field. Defaulting to string.
/home/rasulbek/another-project/e-ombor/backend/api/serializers.py: Warning [DocumentListCreateView > DocumentSerializer]: unable to resolve type hint for function "get_can_archive". Consider using a type hint or @extend_schema_field. Defaulting to string.
/home/rasulbek/another-project/e-ombor/backend/api/views.py: Error [DocumentFileUploadView]: unable to guess serializer. This is graceful fallback handling for APIViews. Consider using GenericAPIView as view base class, if view is under your control. Either way you may want to add a serializer_class (or method). Ignoring view for now.
/home/rasulbek/another-project/e-ombor/backend/api/serializers.py: Warning [DocumentDetailView > DocumentSerializer]: unable to resolve type hint for function "get_allowed_actions". Consider using a type hint or @extend_schema_field. Defaulting to string.
/home/rasulbek/another-project/e-ombor/backend/api/serializers.py: Warning [DocumentDetailView > DocumentSerializer]: unable to resolve type hint for function "get_can_archive". Consider using a type hint or @extend_schema_field. Defaulting to string.
/home/rasulbek/another-project/e-ombor/backend/api/views.py: Error [DocumentArchiveToggleView]: unable to guess serializer. This is graceful fallback handling for APIViews. Consider using GenericAPIView as view base class, if view is under your control. Either way you may want to add a serializer_class (or method). Ignoring view for now.
/home/rasulbek/another-project/e-ombor/backend/api/views.py: Error [DocumentWorkflowActionView]: unable to guess serializer. This is graceful fallback handling for APIViews. Consider using GenericAPIView as view base class, if view is under your control. Either way you may want to add a serializer_class (or method). Ignoring view for now.
/home/rasulbek/another-project/e-ombor/backend/api/views.py: Error [DocumentsExportView]: unable to guess serializer. This is graceful fallback handling for APIViews. Consider using GenericAPIView as view base class, if view is under your control. Either way you may want to add a serializer_class (or method). Ignoring view for now.
/home/rasulbek/another-project/e-ombor/backend/api/serializers.py: Warning [InventoryListView > InventoryItemSerializer]: unable to resolve type hint for function "get_is_low_stock". Consider using a type hint or @extend_schema_field. Defaulting to string.
/home/rasulbek/another-project/e-ombor/backend/api/views.py: Error [InventoryUpdateView]: unable to guess serializer. This is graceful fallback handling for APIViews. Consider using GenericAPIView as view base class, if view is under your control. Either way you may want to add a serializer_class (or method). Ignoring view for now.
/home/rasulbek/another-project/e-ombor/backend/api/views.py: Error [InventoryExportView]: unable to guess serializer. This is graceful fallback handling for APIViews. Consider using GenericAPIView as view base class, if view is under your control. Either way you may want to add a serializer_class (or method). Ignoring view for now.
/home/rasulbek/another-project/e-ombor/backend/api/views.py: Error [NotificationMarkReadView]: exception raised while getting serializer. Hint: Is get_serializer_class() returning None or is get_queryset() not working without a request? Ignoring the view for now. (Exception: 'NotificationMarkReadView' should either include a `serializer_class` attribute, or override the `get_serializer_class()` method.)
/home/rasulbek/another-project/e-ombor/backend/api/views.py: Error [NotificationMarkAllReadView]: unable to guess serializer. This is graceful fallback handling for APIViews. Consider using GenericAPIView as view base class, if view is under your control. Either way you may want to add a serializer_class (or method). Ignoring view for now.
/home/rasulbek/another-project/e-ombor/backend/api/views.py: Error [PurchaseOrderListView]: exception raised while getting serializer. Hint: Is get_serializer_class() returning None or is get_queryset() not working without a request? Ignoring the view for now. (Exception: 'PurchaseOrderListView' should either include a `serializer_class` attribute, or override the `get_serializer_class()` method.)
/home/rasulbek/another-project/e-ombor/backend/api/views.py: Error [TicketsExportView]: unable to guess serializer. This is graceful fallback handling for APIViews. Consider using GenericAPIView as view base class, if view is under your control. Either way you may want to add a serializer_class (or method). Ignoring view for now.
[01/Jul/2026 14:55:10] "GET /api/schema/ HTTP/1.1" 200 204001
[01/Jul/2026 17:22:40] "GET /api/docs/ HTTP/1.1" 200 4644
Watching for file changes with StatReloader
Not Found: /
[03/Jul/2026 10:55:05] "GET / HTTP/1.1" 404 2552
Not Found: /favicon.ico
[03/Jul/2026 10:55:05] "GET /favicon.ico HTTP/1.1" 404 2603
[03/Jul/2026 10:55:14] "GET /api/docs/ HTTP/1.1" 200 4644
/home/rasulbek/another-project/e-ombor/backend/api/views.py: Error [AnalyticsOverviewView]: unable to guess serializer. This is graceful fallback handling for APIViews. Consider using GenericAPIView as view base class, if view is under your control. Either way you may want to add a serializer_class (or method). Ignoring view for now.
/home/rasulbek/another-project/e-ombor/backend/api/views.py: Error [LogoutView]: unable to guess serializer. This is graceful fallback handling for APIViews. Consider using GenericAPIView as view base class, if view is under your control. Either way you may want to add a serializer_class (or method). Ignoring view for now.
/home/rasulbek/another-project/e-ombor/backend/api/views.py: Error [CustomTokenRefreshView]: unable to guess serializer. This is graceful fallback handling for APIViews. Consider using GenericAPIView as view base class, if view is under your control. Either way you may want to add a serializer_class (or method). Ignoring view for now.
/home/rasulbek/another-project/e-ombor/backend/api/views.py: Error [DashboardView]: unable to guess serializer. This is graceful fallback handling for APIViews. Consider using GenericAPIView as view base class, if view is under your control. Either way you may want to add a serializer_class (or method). Ignoring view for now.
/home/rasulbek/another-project/e-ombor/backend/api/serializers.py: Warning [DocumentListCreateView > DocumentSerializer]: unable to resolve type hint for function "get_allowed_actions". Consider using a type hint or @extend_schema_field. Defaulting to string.
/home/rasulbek/another-project/e-ombor/backend/api/serializers.py: Warning [DocumentListCreateView > DocumentSerializer]: unable to resolve type hint for function "get_can_archive". Consider using a type hint or @extend_schema_field. Defaulting to string.
/home/rasulbek/another-project/e-ombor/backend/api/views.py: Error [DocumentFileUploadView]: unable to guess serializer. This is graceful fallback handling for APIViews. Consider using GenericAPIView as view base class, if view is under your control. Either way you may want to add a serializer_class (or method). Ignoring view for now.
/home/rasulbek/another-project/e-ombor/backend/api/serializers.py: Warning [DocumentDetailView > DocumentSerializer]: unable to resolve type hint for function "get_allowed_actions". Consider using a type hint or @extend_schema_field. Defaulting to string.
/home/rasulbek/another-project/e-ombor/backend/api/serializers.py: Warning [DocumentDetailView > DocumentSerializer]: unable to resolve type hint for function "get_can_archive". Consider using a type hint or @extend_schema_field. Defaulting to string.
/home/rasulbek/another-project/e-ombor/backend/api/views.py: Error [DocumentArchiveToggleView]: unable to guess serializer. This is graceful fallback handling for APIViews. Consider using GenericAPIView as view base class, if view is under your control. Either way you may want to add a serializer_class (or method). Ignoring view for now.
/home/rasulbek/another-project/e-ombor/backend/api/views.py: Error [DocumentWorkflowActionView]: unable to guess serializer. This is graceful fallback handling for APIViews. Consider using GenericAPIView as view base class, if view is under your control. Either way you may want to add a serializer_class (or method). Ignoring view for now.
/home/rasulbek/another-project/e-ombor/backend/api/views.py: Error [DocumentsExportView]: unable to guess serializer. This is graceful fallback handling for APIViews. Consider using GenericAPIView as view base class, if view is under your control. Either way you may want to add a serializer_class (or method). Ignoring view for now.
/home/rasulbek/another-project/e-ombor/backend/api/serializers.py: Warning [InventoryListView > InventoryItemSerializer]: unable to resolve type hint for function "get_is_low_stock". Consider using a type hint or @extend_schema_field. Defaulting to string.
/home/rasulbek/another-project/e-ombor/backend/api/views.py: Error [InventoryUpdateView]: unable to guess serializer. This is graceful fallback handling for APIViews. Consider using GenericAPIView as view base class, if view is under your control. Either way you may want to add a serializer_class (or method). Ignoring view for now.
/home/rasulbek/another-project/e-ombor/backend/api/views.py: Error [InventoryExportView]: unable to guess serializer. This is graceful fallback handling for APIViews. Consider using GenericAPIView as view base class, if view is under your control. Either way you may want to add a serializer_class (or method). Ignoring view for now.
/home/rasulbek/another-project/e-ombor/backend/api/views.py: Error [NotificationMarkReadView]: exception raised while getting serializer. Hint: Is get_serializer_class() returning None or is get_queryset() not working without a request? Ignoring the view for now. (Exception: 'NotificationMarkReadView' should either include a `serializer_class` attribute, or override the `get_serializer_class()` method.)
/home/rasulbek/another-project/e-ombor/backend/api/views.py: Error [NotificationMarkAllReadView]: unable to guess serializer. This is graceful fallback handling for APIViews. Consider using GenericAPIView as view base class, if view is under your control. Either way you may want to add a serializer_class (or method). Ignoring view for now.
/home/rasulbek/another-project/e-ombor/backend/api/views.py: Error [PurchaseOrderListView]: exception raised while getting serializer. Hint: Is get_serializer_class() returning None or is get_queryset() not working without a request? Ignoring the view for now. (Exception: 'PurchaseOrderListView' should either include a `serializer_class` attribute, or override the `get_serializer_class()` method.)
/home/rasulbek/another-project/e-ombor/backend/api/views.py: Error [TicketsExportView]: unable to guess serializer. This is graceful fallback handling for APIViews. Consider using GenericAPIView as view base class, if view is under your control. Either way you may want to add a serializer_class (or method). Ignoring view for now.
[03/Jul/2026 10:55:14] "GET /api/schema/ HTTP/1.1" 200 204001
[03/Jul/2026 10:56:40] "GET /api/docs/ HTTP/1.1" 200 4644
/home/rasulbek/another-project/e-ombor/backend/api/views.py: Error [AnalyticsOverviewView]: unable to guess serializer. This is graceful fallback handling for APIViews. Consider using GenericAPIView as view base class, if view is under your control. Either way you may want to add a serializer_class (or method). Ignoring view for now.
/home/rasulbek/another-project/e-ombor/backend/api/views.py: Error [LogoutView]: unable to guess serializer. This is graceful fallback handling for APIViews. Consider using GenericAPIView as view base class, if view is under your control. Either way you may want to add a serializer_class (or method). Ignoring view for now.
/home/rasulbek/another-project/e-ombor/backend/api/views.py: Error [CustomTokenRefreshView]: unable to guess serializer. This is graceful fallback handling for APIViews. Consider using GenericAPIView as view base class, if view is under your control. Either way you may want to add a serializer_class (or method). Ignoring view for now.
/home/rasulbek/another-project/e-ombor/backend/api/views.py: Error [DashboardView]: unable to guess serializer. This is graceful fallback handling for APIViews. Consider using GenericAPIView as view base class, if view is under your control. Either way you may want to add a serializer_class (or method). Ignoring view for now.
/home/rasulbek/another-project/e-ombor/backend/api/serializers.py: Warning [DocumentListCreateView > DocumentSerializer]: unable to resolve type hint for function "get_allowed_actions". Consider using a type hint or @extend_schema_field. Defaulting to string.
/home/rasulbek/another-project/e-ombor/backend/api/serializers.py: Warning [DocumentListCreateView > DocumentSerializer]: unable to resolve type hint for function "get_can_archive". Consider using a type hint or @extend_schema_field. Defaulting to string.
/home/rasulbek/another-project/e-ombor/backend/api/views.py: Error [DocumentFileUploadView]: unable to guess serializer. This is graceful fallback handling for APIViews. Consider using GenericAPIView as view base class, if view is under your control. Either way you may want to add a serializer_class (or method). Ignoring view for now.
/home/rasulbek/another-project/e-ombor/backend/api/serializers.py: Warning [DocumentDetailView > DocumentSerializer]: unable to resolve type hint for function "get_allowed_actions". Consider using a type hint or @extend_schema_field. Defaulting to string.
/home/rasulbek/another-project/e-ombor/backend/api/serializers.py: Warning [DocumentDetailView > DocumentSerializer]: unable to resolve type hint for function "get_can_archive". Consider using a type hint or @extend_schema_field. Defaulting to string.
/home/rasulbek/another-project/e-ombor/backend/api/views.py: Error [DocumentArchiveToggleView]: unable to guess serializer. This is graceful fallback handling for APIViews. Consider using GenericAPIView as view base class, if view is under your control. Either way you may want to add a serializer_class (or method). Ignoring view for now.
/home/rasulbek/another-project/e-ombor/backend/api/views.py: Error [DocumentWorkflowActionView]: unable to guess serializer. This is graceful fallback handling for APIViews. Consider using GenericAPIView as view base class, if view is under your control. Either way you may want to add a serializer_class (or method). Ignoring view for now.
/home/rasulbek/another-project/e-ombor/backend/api/views.py: Error [DocumentsExportView]: unable to guess serializer. This is graceful fallback handling for APIViews. Consider using GenericAPIView as view base class, if view is under your control. Either way you may want to add a serializer_class (or method). Ignoring view for now.
/home/rasulbek/another-project/e-ombor/backend/api/serializers.py: Warning [InventoryListView > InventoryItemSerializer]: unable to resolve type hint for function "get_is_low_stock". Consider using a type hint or @extend_schema_field. Defaulting to string.
/home/rasulbek/another-project/e-ombor/backend/api/views.py: Error [InventoryUpdateView]: unable to guess serializer. This is graceful fallback handling for APIViews. Consider using GenericAPIView as view base class, if view is under your control. Either way you may want to add a serializer_class (or method). Ignoring view for now.
/home/rasulbek/another-project/e-ombor/backend/api/views.py: Error [InventoryExportView]: unable to guess serializer. This is graceful fallback handling for APIViews. Consider using GenericAPIView as view base class, if view is under your control. Either way you may want to add a serializer_class (or method). Ignoring view for now.
/home/rasulbek/another-project/e-ombor/backend/api/views.py: Error [NotificationMarkReadView]: exception raised while getting serializer. Hint: Is get_serializer_class() returning None or is get_queryset() not working without a request? Ignoring the view for now. (Exception: 'NotificationMarkReadView' should either include a `serializer_class` attribute, or override the `get_serializer_class()` method.)
/home/rasulbek/another-project/e-ombor/backend/api/views.py: Error [NotificationMarkAllReadView]: unable to guess serializer. This is graceful fallback handling for APIViews. Consider using GenericAPIView as view base class, if view is under your control. Either way you may want to add a serializer_class (or method). Ignoring view for now.
/home/rasulbek/another-project/e-ombor/backend/api/views.py: Error [PurchaseOrderListView]: exception raised while getting serializer. Hint: Is get_serializer_class() returning None or is get_queryset() not working without a request? Ignoring the view for now. (Exception: 'PurchaseOrderListView' should either include a `serializer_class` attribute, or override the `get_serializer_class()` method.)
/home/rasulbek/another-project/e-ombor/backend/api/views.py: Error [TicketsExportView]: unable to guess serializer. This is graceful fallback handling for APIViews. Consider using GenericAPIView as view base class, if view is under your control. Either way you may want to add a serializer_class (or method). Ignoring view for now.
[03/Jul/2026 10:56:41] "GET /api/schema/ HTTP/1.1" 200 204001
[03/Jul/2026 11:00:52] "GET /api/docs/ HTTP/1.1" 200 4644
/home/rasulbek/another-project/e-ombor/backend/api/views.py: Error [AnalyticsOverviewView]: unable to guess serializer. This is graceful fallback handling for APIViews. Consider using GenericAPIView as view base class, if view is under your control. Either way you may want to add a serializer_class (or method). Ignoring view for now.
/home/rasulbek/another-project/e-ombor/backend/api/views.py: Error [LogoutView]: unable to guess serializer. This is graceful fallback handling for APIViews. Consider using GenericAPIView as view base class, if view is under your control. Either way you may want to add a serializer_class (or method). Ignoring view for now.
/home/rasulbek/another-project/e-ombor/backend/api/views.py: Error [CustomTokenRefreshView]: unable to guess serializer. This is graceful fallback handling for APIViews. Consider using GenericAPIView as view base class, if view is under your control. Either way you may want to add a serializer_class (or method). Ignoring view for now.
/home/rasulbek/another-project/e-ombor/backend/api/views.py: Error [DashboardView]: unable to guess serializer. This is graceful fallback handling for APIViews. Consider using GenericAPIView as view base class, if view is under your control. Either way you may want to add a serializer_class (or method). Ignoring view for now.
/home/rasulbek/another-project/e-ombor/backend/api/serializers.py: Warning [DocumentListCreateView > DocumentSerializer]: unable to resolve type hint for function "get_allowed_actions". Consider using a type hint or @extend_schema_field. Defaulting to string.
/home/rasulbek/another-project/e-ombor/backend/api/serializers.py: Warning [DocumentListCreateView > DocumentSerializer]: unable to resolve type hint for function "get_can_archive". Consider using a type hint or @extend_schema_field. Defaulting to string.
/home/rasulbek/another-project/e-ombor/backend/api/views.py: Error [DocumentFileUploadView]: unable to guess serializer. This is graceful fallback handling for APIViews. Consider using GenericAPIView as view base class, if view is under your control. Either way you may want to add a serializer_class (or method). Ignoring view for now.
/home/rasulbek/another-project/e-ombor/backend/api/serializers.py: Warning [DocumentDetailView > DocumentSerializer]: unable to resolve type hint for function "get_allowed_actions". Consider using a type hint or @extend_schema_field. Defaulting to string.
/home/rasulbek/another-project/e-ombor/backend/api/serializers.py: Warning [DocumentDetailView > DocumentSerializer]: unable to resolve type hint for function "get_can_archive". Consider using a type hint or @extend_schema_field. Defaulting to string.
/home/rasulbek/another-project/e-ombor/backend/api/views.py: Error [DocumentArchiveToggleView]: unable to guess serializer. This is graceful fallback handling for APIViews. Consider using GenericAPIView as view base class, if view is under your control. Either way you may want to add a serializer_class (or method). Ignoring view for now.
/home/rasulbek/another-project/e-ombor/backend/api/views.py: Error [DocumentWorkflowActionView]: unable to guess serializer. This is graceful fallback handling for APIViews. Consider using GenericAPIView as view base class, if view is under your control. Either way you may want to add a serializer_class (or method). Ignoring view for now.
/home/rasulbek/another-project/e-ombor/backend/api/views.py: Error [DocumentsExportView]: unable to guess serializer. This is graceful fallback handling for APIViews. Consider using GenericAPIView as view base class, if view is under your control. Either way you may want to add a serializer_class (or method). Ignoring view for now.
/home/rasulbek/another-project/e-ombor/backend/api/serializers.py: Warning [InventoryListView > InventoryItemSerializer]: unable to resolve type hint for function "get_is_low_stock". Consider using a type hint or @extend_schema_field. Defaulting to string.
/home/rasulbek/another-project/e-ombor/backend/api/views.py: Error [InventoryUpdateView]: unable to guess serializer. This is graceful fallback handling for APIViews. Consider using GenericAPIView as view base class, if view is under your control. Either way you may want to add a serializer_class (or method). Ignoring view for now.
/home/rasulbek/another-project/e-ombor/backend/api/views.py: Error [InventoryExportView]: unable to guess serializer. This is graceful fallback handling for APIViews. Consider using GenericAPIView as view base class, if view is under your control. Either way you may want to add a serializer_class (or method). Ignoring view for now.
/home/rasulbek/another-project/e-ombor/backend/api/views.py: Error [NotificationMarkReadView]: exception raised while getting serializer. Hint: Is get_serializer_class() returning None or is get_queryset() not working without a request? Ignoring the view for now. (Exception: 'NotificationMarkReadView' should either include a `serializer_class` attribute, or override the `get_serializer_class()` method.)
/home/rasulbek/another-project/e-ombor/backend/api/views.py: Error [NotificationMarkAllReadView]: unable to guess serializer. This is graceful fallback handling for APIViews. Consider using GenericAPIView as view base class, if view is under your control. Either way you may want to add a serializer_class (or method). Ignoring view for now.
/home/rasulbek/another-project/e-ombor/backend/api/views.py: Error [PurchaseOrderListView]: exception raised while getting serializer. Hint: Is get_serializer_class() returning None or is get_queryset() not working without a request? Ignoring the view for now. (Exception: 'PurchaseOrderListView' should either include a `serializer_class` attribute, or override the `get_serializer_class()` method.)
/home/rasulbek/another-project/e-ombor/backend/api/views.py: Error [TicketsExportView]: unable to guess serializer. This is graceful fallback handling for APIViews. Consider using GenericAPIView as view base class, if view is under your control. Either way you may want to add a serializer_class (or method). Ignoring view for now.
[03/Jul/2026 11:00:52] "GET /api/schema/ HTTP/1.1" 200 204001
[03/Jul/2026 11:03:33] "GET /api/auth/user HTTP/1.1" 301 0
Unauthorized: /api/auth/user/
[03/Jul/2026 11:03:33] "GET /api/auth/user/ HTTP/1.1" 401 58
Unauthorized: /api/auth/register/
[03/Jul/2026 11:07:51] "POST //api/auth/register/ HTTP/1.1" 401 58
Unauthorized: /api/auth/register/
[03/Jul/2026 11:07:58] "POST /api/auth/register/ HTTP/1.1" 401 58
Unauthorized: /api/auth/register/
[03/Jul/2026 11:08:15] "POST /api/auth/register/ HTTP/1.1" 401 172
Unauthorized: /api/auth/register/
[03/Jul/2026 11:08:16] "POST /api/auth/register/ HTTP/1.1" 401 172
Unauthorized: /api/auth/register/
[03/Jul/2026 11:17:41] "POST /api/auth/register/ HTTP/1.1" 401 172
Unauthorized: /api/auth/register/
[03/Jul/2026 11:17:43] "POST /api/auth/register/ HTTP/1.1" 401 172
Unauthorized: /api/auth/register/
[03/Jul/2026 11:17:45] "POST /api/auth/register/ HTTP/1.1" 401 172
Unauthorized: /api/auth/register/
[03/Jul/2026 11:17:46] "POST /api/auth/register/ HTTP/1.1" 401 172
Unauthorized: /api/auth/register/
[03/Jul/2026 11:17:57] "POST /api/auth/register/ HTTP/1.1" 401 172
Watching for file changes with StatReloader
Unauthorized: /api/auth/register/
[03/Jul/2026 11:40:26] "POST /api/auth/register/ HTTP/1.1" 401 172
